<!DOCTYPE html>
<html>
<head>
    <title>Unittest Results</title>
    <meta charset="utf-8">
    <meta name="viewport" content="width=device-width, initial-scale=1.0">
    <link rel="stylesheet" href="https://maxcdn.bootstrapcdn.com/bootstrap/3.3.6/css/bootstrap.min.css" integrity="sha384-1q8mTJOASx8j1Au+a5WDVnPi2lkFfwwEAa8hDDdjZlpLegxhjVME1fgjWPGmkzs7" crossorigin="anonymous">
</head>
<body>
    <div class="container">
        <div class="row">
            <div class="col-xs-12">
                <h2 class="text-capitalize">Unittest Results</h2>
                <p class='attribute'><strong>Start Time: </strong>2024-01-11 22:39:30</p>
                <p class='attribute'><strong>Duration: </strong>15.88 s</p>
                <p class='attribute'><strong>Summary: </strong>Total: 2, Pass: 1, Error: 1</p>
            </div>
        </div>
        <div class="row">
            <div class="col-xs-12 col-sm-10 col-md-10">
                <table class='table table-hover table-responsive'>
                    <thead>
                        <tr>
                            <th>__main__.OrangeHRMTest</th>
                            <th>Status</th>
                            <th></th>
                        </tr>
                    </thead>
                    <tbody>
                        <tr class='success'>
                            <td class="col-xs-10">test_homePageTitle</td>
                            <td class="col-xs-1">
                                <span class="label label-success" style="display:block;width:40px;">Pass</span>
                            </td>
                            <td class="col-xs-1">
                            </td>
                        </tr>
                        <tr class='warning'>
                            <td class="col-xs-10">test_login</td>
                            <td class="col-xs-1">
                                <span class="label label-warning" style="display:block;width:40px;">Error</span>
                            </td>
                            <td class="col-xs-1">
                                <button class="btn btn-default btn-xs">View</button>
                            </td>
                        </tr>
                        <tr style="display:none;">
                            <td class="col-xs-9" colspan="3"><p style="color:maroon;">NoSuchElementException: Message: no such element: Unable to locate element: {"method":"xpath","selector":"//input[@placeholder='Username']"}
  (Session info: chrome=120.0.6099.216); For documentation on this error, please visit: https://www.selenium.dev/documentation/webdriver/troubleshooting/errors#no-such-element-exception
Stacktrace:
	GetHandleVerifier [0x00007FF7BC332142+3514994]
	(No symbol) [0x00007FF7BBF50CE2]
	(No symbol) [0x00007FF7BBDF76AA]
	(No symbol) [0x00007FF7BBE41860]
	(No symbol) [0x00007FF7BBE4197C]
	(No symbol) [0x00007FF7BBE84EE7]
	(No symbol) [0x00007FF7BBE6602F]
	(No symbol) [0x00007FF7BBE828F6]
	(No symbol) [0x00007FF7BBE65D93]
	(No symbol) [0x00007FF7BBE34BDC]
	(No symbol) [0x00007FF7BBE35C64]
	GetHandleVerifier [0x00007FF7BC35E16B+3695259]
	GetHandleVerifier [0x00007FF7BC3B6737+4057191]
	GetHandleVerifier [0x00007FF7BC3AE4E3+4023827]
	GetHandleVerifier [0x00007FF7BC0804F9+689705]
	(No symbol) [0x00007FF7BBF5C048]
	(No symbol) [0x00007FF7BBF58044]
	(No symbol) [0x00007FF7BBF581C9]
	(No symbol) [0x00007FF7BBF488C4]
	BaseThreadInitThunk [0x00007FFE3FA57344+20]
	RtlUserThreadStart [0x00007FFE410426B1+33]
</p><p style="color:maroon;">Traceback (most recent call last):
  File "C:\Users\Shuvo\OneDrive - American International University-Bangladesh\GitHub\PythonUnitTestHTMLReports\test_orange_hrm_login.py", line 20, in test_login
    self.driver.find_element(By.XPATH, "//input[@placeholder='Username']").send_keys("Admin")
    ^^^^^^^^^^^^^^^^^^^^^^^^^^^^^^^^^^^^^^^^^^^^^^^^^^^^^^^^^^^^^^^^^^^^^^
  File "C:\Users\Shuvo\AppData\Local\Programs\Python\Python311\Lib\site-packages\selenium\webdriver\remote\webdriver.py", line 742, in find_element
    return self.execute(Command.FIND_ELEMENT, {"using": by, "value": value})["value"]
           ^^^^^^^^^^^^^^^^^^^^^^^^^^^^^^^^^^^^^^^^^^^^^^^^^^^^^^^^^^^^^^^^^
  File "C:\Users\Shuvo\AppData\Local\Programs\Python\Python311\Lib\site-packages\selenium\webdriver\remote\webdriver.py", line 348, in execute
    self.error_handler.check_response(response)
  File "C:\Users\Shuvo\AppData\Local\Programs\Python\Python311\Lib\site-packages\selenium\webdriver\remote\errorhandler.py", line 229, in check_response
    raise exception_class(message, screen, stacktrace)
selenium.common.exceptions.NoSuchElementException: Message: no such element: Unable to locate element: {"method":"xpath","selector":"//input[@placeholder='Username']"}
  (Session info: chrome=120.0.6099.216); For documentation on this error, please visit: https://www.selenium.dev/documentation/webdriver/troubleshooting/errors#no-such-element-exception
Stacktrace:
	GetHandleVerifier [0x00007FF7BC332142+3514994]
	(No symbol) [0x00007FF7BBF50CE2]
	(No symbol) [0x00007FF7BBDF76AA]
	(No symbol) [0x00007FF7BBE41860]
	(No symbol) [0x00007FF7BBE4197C]
	(No symbol) [0x00007FF7BBE84EE7]
	(No symbol) [0x00007FF7BBE6602F]
	(No symbol) [0x00007FF7BBE828F6]
	(No symbol) [0x00007FF7BBE65D93]
	(No symbol) [0x00007FF7BBE34BDC]
	(No symbol) [0x00007FF7BBE35C64]
	GetHandleVerifier [0x00007FF7BC35E16B+3695259]
	GetHandleVerifier [0x00007FF7BC3B6737+4057191]
	GetHandleVerifier [0x00007FF7BC3AE4E3+4023827]
	GetHandleVerifier [0x00007FF7BC0804F9+689705]
	(No symbol) [0x00007FF7BBF5C048]
	(No symbol) [0x00007FF7BBF58044]
	(No symbol) [0x00007FF7BBF581C9]
	(No symbol) [0x00007FF7BBF488C4]
	BaseThreadInitThunk [0x00007FFE3FA57344+20]
	RtlUserThreadStart [0x00007FFE410426B1+33]

</p>
                            </td>
                        </tr>
                        <tr>
                            <td colspan="3">
                                Total: 2, Pass: 1, Error: 1 -- Duration: 15.88 s
                            </td>
                        </tr>
                    </tbody>
                </table>
            </div>
        </div>
    </div>
    <script src="https://ajax.googleapis.com/ajax/libs/jquery/2.2.4/jquery.min.js"></script>
    <script type="text/javascript">
        $(document).ready(function(){
            $('td').on('click', '.btn', function(e){
                e.preventDefault();
                e.stopImmediatePropagation();
                var $this = $(this);
                var $nextRow = $this.closest('tr').next('tr');
                $nextRow.slideToggle("fast");
                $this.text(function(i, text){
                    if (text === 'View') {
                        return 'Hide';
                    } else {
                        return 'View';
                    };
                });
            });
        });
    </script>
</body>
</html